#
# There is insufficient memory for the Java Runtime Environment to continue.
# Native memory allocation (mmap) failed to map 264241152 bytes. Error detail: G1 virtual space
# Possible reasons:
#   The system is out of physical RAM or swap space
#   This process is running with CompressedOops enabled, and the Java Heap may be blocking the growth of the native heap
# Possible solutions:
#   Reduce memory load on the system
#   Increase physical memory or swap space
#   Check if swap backing store is full
#   Decrease Java heap size (-Xmx/-Xms)
#   Decrease number of Java threads
#   Decrease Java thread stack sizes (-Xss)
#   Set larger code cache with -XX:ReservedCodeCacheSize=
#   JVM is running with Zero Based Compressed Oops mode in which the Java heap is
#     placed in the first 32GB address space. The Java Heap base address is the
#     maximum limit for the native heap growth. Please use -XX:HeapBaseMinAddress
#     to set the Java Heap base and to place the Java Heap above 32GB virtual address.
# This output file may be truncated or incomplete.
#
#  Out of Memory Error (os_windows.cpp:3616), pid=27460, tid=27520
#
# JRE version:  (21.0.4+7) (build )
# Java VM: OpenJDK 64-Bit Server VM (21.0.4+7-LTS, mixed mode, sharing, tiered, compressed oops, compressed class ptrs, g1 gc, windows-amd64)
# No core dump will be written. Minidumps are not enabled by default on client versions of Windows
#

---------------  S U M M A R Y ------------

Command Line: -Dfile.encoding=UTF-8 -Dstdout.encoding=UTF-8 -Dstderr.encoding=UTF-8 -XX:+ShowCodeDetailsInExceptionMessages com.hw3.run.Run

Host: 12th Gen Intel(R) Core(TM) i5-12400, 12 cores, 15G,  Windows 10 , 64 bit Build 19041 (10.0.19041.4842)
Time: Tue Sep 24 14:49:23 2024  Windows 10 , 64 bit Build 19041 (10.0.19041.4842) elapsed time: 0.005596 seconds (0d 0h 0m 0s)

---------------  T H R E A D  ---------------

Current thread (0x00000291eb22db00):  JavaThread "Unknown thread" [_thread_in_vm, id=27520, stack(0x000000dd71100000,0x000000dd71200000) (1024K)]

Stack: [0x000000dd71100000,0x000000dd71200000]
Native frames: (J=compiled Java code, j=interpreted, Vv=VM code, C=native code)
V  [jvm.dll+0x6cbcf9]
V  [jvm.dll+0x8a5551]
V  [jvm.dll+0x8a7a7e]
V  [jvm.dll+0x8a8153]
V  [jvm.dll+0x27eca6]
V  [jvm.dll+0x6c8445]
V  [jvm.dll+0x6bd13a]
V  [jvm.dll+0x354a0a]
V  [jvm.dll+0x35c5b6]
V  [jvm.dll+0x3adf3e]
V  [jvm.dll+0x3ae1e8]
V  [jvm.dll+0x328bcc]
V  [jvm.dll+0x32972b]
V  [jvm.dll+0x86e7b9]
V  [jvm.dll+0x3bac91]
V  [jvm.dll+0x857973]
V  [jvm.dll+0x44f32e]
V  [jvm.dll+0x450f71]
C  [jli.dll+0x5278]
C  [ucrtbase.dll+0x21bb2]
C  [KERNEL32.DLL+0x17374]
C  [ntdll.dll+0x4cc91]


---------------  P R O C E S S  ---------------

Threads class SMR info:
_java_thread_list=0x00007fff83183088, length=0, elements={
}

Java Threads: ( => current thread )
Total: 0

Other Threads:
  0x00000291ed3f1b20 WorkerThread "GC Thread#0"                     [id=27532, stack(0x000000dd71200000,0x000000dd71300000) (1024K)]
  0x00000291ed402f50 ConcurrentGCThread "G1 Main Marker"            [id=27536, stack(0x000000dd71300000,0x000000dd71400000) (1024K)]
  0x00000291ed403950 WorkerThread "G1 Conc#0"                       [id=27540, stack(0x000000dd71400000,0x000000dd71500000) (1024K)]

[error occurred during error reporting (printing all threads), id 0xc0000005, EXCEPTION_ACCESS_VIOLATION (0xc0000005) at pc=0x00007fff8288b4f7]
VM state: not at safepoint (not fully initialized)

VM Mutex/Monitor currently owned by a thread:  ([mutex/lock_event])
[0x00007fff831f7408] Heap_lock - owner thread: 0x00000291eb22db00

Heap address: 0x0000000704000000, size: 4032 MB, Compressed Oops mode: Zero based, Oop shift amount: 3

CDS archive(s) mapped at: [0x0000000000000000-0x0000000000000000-0x0000000000000000), size 0, SharedBaseAddress: 0x0000000800000000, ArchiveRelocationMode: 1.
Narrow klass base: 0x0000000000000000, Narrow klass shift: 0, Narrow klass range: 0x0

GC Precious Log:
 CardTable entry size: 512
 Card Set container configuration: InlinePtr #cards 4 size 8 Array Of Cards #cards 16 size 48 Howl #buckets 8 coarsen threshold 3686 Howl Bitmap #cards 512 size 80 coarsen threshold 460 Card regions per heap region 1 cards per card region 4096

Heap:
 garbage-first heap   total 0K, used 0K [0x0000000704000000, 0x0000000800000000)
  region size 2048K, 0 young (0K), 0 survivors (0K)

[error occurred during error reporting (printing heap information), id 0xc0000005, EXCEPTION_ACCESS_VIOLATION (0xc0000005) at pc=0x00007fff82c75669]
GC Heap History (0 events):
No events

Dll operation events (1 events):
Event: 0.003 Loaded shared library C:\tools\eclipse\plugins\org.eclipse.justj.openjdk.hotspot.jre.full.win32.x86_64_21.0.4.v20240802-1551\jre\bin\java.dll

Deoptimization events (0 events):
No events

Classes loaded (0 events):
No events

Classes unloaded (0 events):
No events

Classes redefined (0 events):
No events

Internal exceptions (0 events):
No events

ZGC Phase Switch (0 events):
No events

VM Operations (0 events):
No events

Memory protections (0 events):
No events

Nmethod flushes (0 events):
No events

Events (0 events):
No events


Dynamic libraries:
0x00007ff63c3c0000 - 0x00007ff63c3ce000 	C:\tools\eclipse\plugins\org.eclipse.justj.openjdk.hotspot.jre.full.win32.x86_64_21.0.4.v20240802-1551\jre\bin\javaw.exe
0x00007fffaa8b0000 - 0x00007fffaaaa8000 	C:\Windows\SYSTEM32\ntdll.dll
0x00007fffaa3a0000 - 0x00007fffaa461000 	C:\Windows\System32\KERNEL32.DLL
0x00007fffa8540000 - 0x00007fffa883d000 	C:\Windows\System32\KERNELBASE.dll
0x00007fffa8440000 - 0x00007fffa8540000 	C:\Windows\System32\ucrtbase.dll
0x00007fff80e60000 - 0x00007fff80e78000 	C:\tools\eclipse\plugins\org.eclipse.justj.openjdk.hotspot.jre.full.win32.x86_64_21.0.4.v20240802-1551\jre\bin\jli.dll
0x00007fff82530000 - 0x00007fff8254b000 	C:\tools\eclipse\plugins\org.eclipse.justj.openjdk.hotspot.jre.full.win32.x86_64_21.0.4.v20240802-1551\jre\bin\VCRUNTIME140.dll
0x00007fffaa5a0000 - 0x00007fffaa73d000 	C:\Windows\System32\USER32.dll
0x00007fff8fdb0000 - 0x00007fff9004a000 	C:\Windows\WinSxS\amd64_microsoft.windows.common-controls_6595b64144ccf1df_6.0.19041.4355_none_60b8b9eb71f62e16\COMCTL32.dll
0x00007fffa80f0000 - 0x00007fffa8112000 	C:\Windows\System32\win32u.dll
0x00007fffa9000000 - 0x00007fffa909e000 	C:\Windows\System32\msvcrt.dll
0x00007fffa90a0000 - 0x00007fffa90cb000 	C:\Windows\System32\GDI32.dll
0x00007fffa8240000 - 0x00007fffa8357000 	C:\Windows\System32\gdi32full.dll
0x00007fffa8840000 - 0x00007fffa88dd000 	C:\Windows\System32\msvcp_win.dll
0x00007fffa98d0000 - 0x00007fffa98ff000 	C:\Windows\System32\IMM32.DLL
0x00007fff90bd0000 - 0x00007fff90bdc000 	C:\tools\eclipse\plugins\org.eclipse.justj.openjdk.hotspot.jre.full.win32.x86_64_21.0.4.v20240802-1551\jre\bin\vcruntime140_1.dll
0x00007fff3f070000 - 0x00007fff3f0fe000 	C:\tools\eclipse\plugins\org.eclipse.justj.openjdk.hotspot.jre.full.win32.x86_64_21.0.4.v20240802-1551\jre\bin\msvcp140.dll
0x00007fff82550000 - 0x00007fff832d8000 	C:\tools\eclipse\plugins\org.eclipse.justj.openjdk.hotspot.jre.full.win32.x86_64_21.0.4.v20240802-1551\jre\bin\server\jvm.dll
0x00007fffaa740000 - 0x00007fffaa7f0000 	C:\Windows\System32\ADVAPI32.dll
0x00007fffaa110000 - 0x00007fffaa1b0000 	C:\Windows\System32\sechost.dll
0x00007fffa9fb0000 - 0x00007fffaa0d3000 	C:\Windows\System32\RPCRT4.dll
0x00007fffa7f60000 - 0x00007fffa7f87000 	C:\Windows\System32\bcrypt.dll
0x00007fffaa530000 - 0x00007fffaa59b000 	C:\Windows\System32\WS2_32.dll
0x00007fff98140000 - 0x00007fff98167000 	C:\Windows\SYSTEM32\WINMM.dll
0x00007fffa74a0000 - 0x00007fffa74eb000 	C:\Windows\SYSTEM32\POWRPROF.dll
0x00007fff9f530000 - 0x00007fff9f53a000 	C:\Windows\SYSTEM32\VERSION.dll
0x00007fffa7360000 - 0x00007fffa7372000 	C:\Windows\SYSTEM32\UMPDC.dll
0x00007fffa5e00000 - 0x00007fffa5e12000 	C:\Windows\SYSTEM32\kernel.appcore.dll
0x00007fff8fbe0000 - 0x00007fff8fbea000 	C:\tools\eclipse\plugins\org.eclipse.justj.openjdk.hotspot.jre.full.win32.x86_64_21.0.4.v20240802-1551\jre\bin\jimage.dll
0x00007fffa2990000 - 0x00007fffa2b74000 	C:\Windows\SYSTEM32\DBGHELP.DLL
0x00007fffa25a0000 - 0x00007fffa25d4000 	C:\Windows\SYSTEM32\dbgcore.DLL
0x00007fffa83b0000 - 0x00007fffa8432000 	C:\Windows\System32\bcryptPrimitives.dll
0x00007fff82510000 - 0x00007fff8252f000 	C:\tools\eclipse\plugins\org.eclipse.justj.openjdk.hotspot.jre.full.win32.x86_64_21.0.4.v20240802-1551\jre\bin\java.dll

dbghelp: loaded successfully - version: 4.0.5 - missing functions: none
symbol engine: initialized successfully - sym options: 0x614 - pdb path: .;C:\tools\eclipse\plugins\org.eclipse.justj.openjdk.hotspot.jre.full.win32.x86_64_21.0.4.v20240802-1551\jre\bin;C:\Windows\SYSTEM32;C:\Windows\WinSxS\amd64_microsoft.windows.common-controls_6595b64144ccf1df_6.0.19041.4355_none_60b8b9eb71f62e16;C:\tools\eclipse\plugins\org.eclipse.justj.openjdk.hotspot.jre.full.win32.x86_64_21.0.4.v20240802-1551\jre\bin\server

VM Arguments:
jvm_args: -Dfile.encoding=UTF-8 -Dstdout.encoding=UTF-8 -Dstderr.encoding=UTF-8 -XX:+ShowCodeDetailsInExceptionMessages 
java_command: com.hw3.run.Run
java_class_path (initial): C:\workspace\02_Java\11_Collection_Homework_±è¿øÈñ\bin
Launcher Type: SUN_STANDARD

[Global flags]
     intx CICompilerCount                          = 4                                         {product} {ergonomic}
     uint ConcGCThreads                            = 3                                         {product} {ergonomic}
     uint G1ConcRefinementThreads                  = 10                                        {product} {ergonomic}
   size_t G1HeapRegionSize                         = 2097152                                   {product} {ergonomic}
    uintx GCDrainStackTargetSize                   = 64                                        {product} {ergonomic}
   size_t InitialHeapSize                          = 264241152                                 {product} {ergonomic}
   size_t MarkStackSize                            = 4194304                                   {product} {ergonomic}
   size_t MaxHeapSize                              = 4227858432                                {product} {ergonomic}
   size_t MinHeapDeltaBytes                        = 2097152                                   {product} {ergonomic}
   size_t MinHeapSize                              = 8388608                                   {product} {ergonomic}
    uintx NonNMethodCodeHeapSize                   = 5839372                                {pd product} {ergonomic}
    uintx NonProfiledCodeHeapSize                  = 122909434                              {pd product} {ergonomic}
    uintx ProfiledCodeHeapSize                     = 122909434                              {pd product} {ergonomic}
    uintx ReservedCodeCacheSize                    = 251658240                              {pd product} {ergonomic}
     bool SegmentedCodeCache                       = true                                      {product} {ergonomic}
     bool ShowCodeDetailsInExceptionMessages       = true                                   {manageable} {command line}
   size_t SoftMaxHeapSize                          = 4227858432                             {manageable} {ergonomic}
     bool UseCompressedOops                        = true                           {product lp64_product} {ergonomic}
     bool UseG1GC                                  = true                                      {product} {ergonomic}
     bool UseLargePagesIndividualAllocation        = false                                  {pd product} {ergonomic}

Logging:
Log output configuration:
 #0: stdout all=warning uptime,level,tags foldmultilines=false
 #1: stderr all=off uptime,level,tags foldmultilines=false

Environment Variables:
JAVA_HOME=C:\tools\jdk-21.0.2
PATH=C:/tools/eclipse//plugins/org.eclipse.justj.openjdk.hotspot.jre.full.win32.x86_64_21.0.4.v20240802-1551/jre/bin/server;C:/tools/eclipse//plugins/org.eclipse.justj.openjdk.hotspot.jre.full.win32.x86_64_21.0.4.v20240802-1551/jre/bin;C:\Windows\system32;C:\Windows;C:\Windows\System32\Wbem;C:\Windows\System32\WindowsPowerShell\v1.0\;C:\Windows\System32\OpenSSH\;C:\Program Files\Bandizip\;C:\Program Files\dotnet\;C:\Program Files\Git\cmd;C:\tools\jdk-21.0.2\bin;C:\Users\user1\AppData\Local\Microsoft\WindowsApps;C:\Users\user1\AppData\Local\Programs\Microsoft VS Code\bin;C:\tools\eclipse;
USERNAME=user1
OS=Windows_NT
PROCESSOR_IDENTIFIER=Intel64 Family 6 Model 151 Stepping 5, GenuineIntel
TMP=C:\Users\user1\AppData\Local\Temp
TEMP=C:\Users\user1\AppData\Local\Temp




Periodic native trim disabled

---------------  S Y S T E M  ---------------

OS:
 Windows 10 , 64 bit Build 19041 (10.0.19041.4842)
OS uptime: 11 days 6:01 hours

CPU: total 12 (initial active 12) (6 cores per cpu, 2 threads per core) family 6 model 151 stepping 5 microcode 0x25, cx8, cmov, fxsr, ht, mmx, 3dnowpref, sse, sse2, sse3, ssse3, sse4.1, sse4.2, popcnt, lzcnt, tsc, tscinvbit, avx, avx2, aes, erms, clmul, bmi1, bmi2, adx, sha, fma, vzeroupper, clflush, clflushopt, clwb, serialize, rdtscp, rdpid, fsrm, f16c, pku, cet_ibt, cet_ss
Processor Information for all 12 processors :
  Max Mhz: 2500, Current Mhz: 2500, Mhz Limit: 2500

Memory: 4k page, system-wide physical 16125M (6932M free)
TotalPageFile size 65210M (AvailPageFile size 181M)
current process WorkingSet (physical memory assigned to process): 10M, peak: 10M
current process commit charge ("private bytes"): 64M, peak: 316M

vm_info: OpenJDK 64-Bit Server VM (21.0.4+7-LTS) for windows-amd64 JRE (21.0.4+7-LTS), built on 2024-07-16T00:00:00Z by "admin" with MS VC++ 17.7 (VS2022)

END.
